app/individual/systemui/build/intermediates/manifest_merge_blame_file/release/manifest-merger-blame-release-report.txt
1<?xml version="1.0" encoding="utf-8"?>
2<manifest xmlns:android="http://schemas.android.com/apk/res/android"
3    package="com.anbui.theme.lge.aosp.systemui"
4    platformBuildVersionCode="24"
5    platformBuildVersionName="7.0"
6    android:compileSdkVersion="29"
7    android:compileSdkVersionCodename="10"
8    android:versionCode="24"
9    android:versionName="7.0" >
10
11    <uses-sdk
12        android:minSdkVersion="29"
13        android:targetSdkVersion="30" />
14
15    <overlay
15-->src/main/AndroidManifest.xml:2:5-82
16        android:priority="11"
16-->src/main/AndroidManifest.xml:2:14-35
17        android:targetPackage="com.android.systemui" />
17-->src/main/AndroidManifest.xml:2:36-80
18
19    <meta-data
19-->src/main/AndroidManifest.xml:3:5-89
20        android:name="com.parent_name"
20-->src/main/AndroidManifest.xml:3:16-46
21        android:value="com.anbui.theme.lge.aosp" />
21-->src/main/AndroidManifest.xml:3:47-87
22
23    <application
23-->src/main/AndroidManifest.xml:4:5-71
24        android:allowBackup="false"
24-->src/main/AndroidManifest.xml:4:18-45
25        android:extractNativeLibs="false"
26        android:hasCode="false" />
26-->src/main/AndroidManifest.xml:4:46-69
27
28</manifest>